<?xml version="1.0" encoding="UTF-8"?>
<testng-results ignored="4" total="6" passed="1" failed="1" skipped="0">
  <reporter-output>
  </reporter-output>
  <suite started-at="2022-09-24T04:59:58Z" name="Suite" finished-at="2022-09-24T05:00:53Z" duration-ms="54873">
    <groups>
    </groups>
    <test started-at="2022-09-24T04:59:58Z" name="Test" finished-at="2022-09-24T05:00:53Z" duration-ms="54873">
      <class name="tests.TestCase1">
        <test-method is-config="true" signature="getExtentTestObj()[pri:0, instance:tests.TestCase1@6d60fe40]" started-at="2022-09-24T10:29:57Z" name="getExtentTestObj" finished-at="2022-09-24T10:29:58Z" duration-ms="489" status="PASS">
          <reporter-output>
          </reporter-output>
        </test-method> <!-- getExtentTestObj -->
        <test-method is-config="true" signature="driverinitialization()[pri:0, instance:tests.TestCase1@6d60fe40]" started-at="2022-09-24T10:29:58Z" name="driverinitialization" finished-at="2022-09-24T10:30:23Z" duration-ms="24735" status="PASS">
          <reporter-output>
          </reporter-output>
        </test-method> <!-- driverinitialization -->
        <test-method signature="mthd2()[pri:2, instance:tests.TestCase1@6d60fe40]" started-at="2022-09-24T10:30:23Z" name="mthd2" finished-at="2022-09-24T10:30:23Z" duration-ms="52" status="PASS">
          <reporter-output>
          </reporter-output>
        </test-method> <!-- mthd2 -->
        <test-method is-config="true" signature="teardown()[pri:0, instance:tests.TestCase1@6d60fe40]" started-at="2022-09-24T10:30:23Z" name="teardown" finished-at="2022-09-24T10:30:25Z" duration-ms="2319" status="PASS">
          <reporter-output>
          </reporter-output>
        </test-method> <!-- teardown -->
        <test-method is-config="true" signature="driverinitialization()[pri:0, instance:tests.TestCase1@6d60fe40]" started-at="2022-09-24T10:30:25Z" name="driverinitialization" finished-at="2022-09-24T10:30:50Z" duration-ms="25221" status="PASS">
          <reporter-output>
          </reporter-output>
        </test-method> <!-- driverinitialization -->
        <test-method signature="verifyLoginHdr()[pri:5, instance:tests.TestCase1@6d60fe40]" started-at="2022-09-24T10:30:50Z" name="verifyLoginHdr" finished-at="2022-09-24T10:30:51Z" duration-ms="241" status="FAIL">
          <exception class="java.lang.AssertionError">
            <message>
              <![CDATA[expected [OrangeHRM] but found [Login]]]>
            </message>
            <full-stacktrace>
              <![CDATA[java.lang.AssertionError: expected [OrangeHRM] but found [Login]
	at org.testng.Assert.fail(Assert.java:93)
	at org.testng.Assert.failNotEquals(Assert.java:512)
	at org.testng.Assert.assertEqualsImpl(Assert.java:134)
	at org.testng.Assert.assertEquals(Assert.java:115)
	at org.testng.Assert.assertEquals(Assert.java:189)
	at org.testng.Assert.assertEquals(Assert.java:199)
	at tests.TestCase1.verifyLoginHdr(TestCase1.java:56)
	at java.base/jdk.internal.reflect.DirectMethodHandleAccessor.invoke(DirectMethodHandleAccessor.java:104)
	at java.base/java.lang.reflect.Method.invoke(Method.java:577)
	at org.testng.internal.MethodInvocationHelper.invokeMethod(MethodInvocationHelper.java:108)
	at org.testng.internal.Invoker.invokeMethod(Invoker.java:661)
	at org.testng.internal.Invoker.invokeTestMethod(Invoker.java:869)
	at org.testng.internal.Invoker.invokeTestMethods(Invoker.java:1193)
	at org.testng.internal.TestMethodWorker.invokeTestMethods(TestMethodWorker.java:126)
	at org.testng.internal.TestMethodWorker.run(TestMethodWorker.java:109)
	at org.testng.TestRunner.privateRun(TestRunner.java:744)
	at org.testng.TestRunner.run(TestRunner.java:602)
	at org.testng.SuiteRunner.runTest(SuiteRunner.java:380)
	at org.testng.SuiteRunner.runSequentially(SuiteRunner.java:375)
	at org.testng.SuiteRunner.privateRun(SuiteRunner.java:340)
	at org.testng.SuiteRunner.run(SuiteRunner.java:289)
	at org.testng.SuiteRunnerWorker.runSuite(SuiteRunnerWorker.java:52)
	at org.testng.SuiteRunnerWorker.run(SuiteRunnerWorker.java:86)
	at org.testng.TestNG.runSuitesSequentially(TestNG.java:1301)
	at org.testng.TestNG.runSuitesLocally(TestNG.java:1226)
	at org.testng.TestNG.runSuites(TestNG.java:1144)
	at org.testng.TestNG.run(TestNG.java:1115)
	at org.testng.remote.AbstractRemoteTestNG.run(AbstractRemoteTestNG.java:115)
	at org.testng.remote.RemoteTestNG.initAndRun(RemoteTestNG.java:251)
	at org.testng.remote.RemoteTestNG.main(RemoteTestNG.java:77)
]]>
            </full-stacktrace>
          </exception> <!-- java.lang.AssertionError -->
          <reporter-output>
          </reporter-output>
        </test-method> <!-- verifyLoginHdr -->
        <test-method is-config="true" signature="teardown()[pri:0, instance:tests.TestCase1@6d60fe40]" started-at="2022-09-24T10:30:51Z" name="teardown" finished-at="2022-09-24T10:30:53Z" duration-ms="2117" status="PASS">
          <reporter-output>
          </reporter-output>
        </test-method> <!-- teardown -->
      </class> <!-- tests.TestCase1 -->
    </test> <!-- Test -->
  </suite> <!-- Suite -->
</testng-results>
